2024-02-06 00:01:51 [main] INFO  c.j.t.TwitterToKafkaApplication - Starting TwitterToKafkaApplication using Java 17.0.5 with PID 60474 (/Volumes/JsWeb/udemy/event-msa/twitter-to-kafka/build/classes/java/main started by joshuakim in /Volumes/JsWeb/udemy/event-msa)
2024-02-06 00:01:51 [main] INFO  c.j.t.TwitterToKafkaApplication - No active profile set, falling back to 1 default profile: "default"
2024-02-06 00:01:52 [main] WARN  o.s.c.a.AnnotationConfigApplicationContext - Exception encountered during context initialization - cancelling refresh attempt: org.springframework.beans.factory.UnsatisfiedDependencyException: Error creating bean with name 'twitterToKafkaApplication': Unsatisfied dependency expressed through constructor parameter 1: No qualifying bean of type 'com.joshua.twittertokafka.runner.StreamRunner' available: expected single matching bean but found 2: twitterV2KafkaStreamRunner,twitterKafkaStreamRunner
2024-02-06 00:01:52 [main] INFO  o.s.b.a.l.ConditionEvaluationReportLogger - 

Error starting ApplicationContext. To display the condition evaluation report re-run your application with 'debug' enabled.
2024-02-06 00:01:52 [main] ERROR o.s.b.d.LoggingFailureAnalysisReporter - 

***************************
APPLICATION FAILED TO START
***************************

Description:

Parameter 1 of constructor in com.joshua.twittertokafka.TwitterToKafkaApplication required a single bean, but 2 were found:
	- twitterV2KafkaStreamRunner: defined in file [/Volumes/JsWeb/udemy/event-msa/twitter-to-kafka/build/classes/java/main/com/joshua/twittertokafka/runner/TwitterV2KafkaStreamRunner.class]
	- twitterKafkaStreamRunner: defined in file [/Volumes/JsWeb/udemy/event-msa/twitter-to-kafka/build/classes/java/main/com/joshua/twittertokafka/runner/imp/TwitterKafkaStreamRunner.class]

This may be due to missing parameter name information

Action:

Consider marking one of the beans as @Primary, updating the consumer to accept multiple beans, or using @Qualifier to identify the bean that should be consumed

Ensure that your compiler is configured to use the '-parameters' flag.
You may need to update both your build tool settings as well as your IDE.
(See https://github.com/spring-projects/spring-framework/wiki/Upgrading-to-Spring-Framework-6.x#parameter-name-retention)


2024-02-06 00:02:50 [main] INFO  c.j.t.TwitterToKafkaApplication - Starting TwitterToKafkaApplication using Java 17.0.5 with PID 60802 (/Volumes/JsWeb/udemy/event-msa/twitter-to-kafka/build/classes/java/main started by joshuakim in /Volumes/JsWeb/udemy/event-msa)
2024-02-06 00:02:50 [main] INFO  c.j.t.TwitterToKafkaApplication - No active profile set, falling back to 1 default profile: "default"
2024-02-06 00:02:51 [main] INFO  c.j.t.TwitterToKafkaApplication - Started TwitterToKafkaApplication in 1.135 seconds (process running for 2.102)
2024-02-06 00:02:51 [main] INFO  c.j.t.r.TwitterV2KafkaStreamRunner - Created filter for twitter stream for keywords: [Java, Microservices, Spring, Kafka, ElasticSearch]
2024-02-06 00:02:51 [main] INFO  c.j.t.runner.TwitterV2StreamHelper - Created rules for twitter stream Java
2024-02-06 00:02:52 [main] INFO  o.s.b.a.l.ConditionEvaluationReportLogger - 

Error starting ApplicationContext. To display the condition evaluation report re-run your application with 'debug' enabled.
2024-02-06 00:02:52 [main] ERROR o.s.boot.SpringApplication - Application run failed
java.lang.NullPointerException: Cannot invoke "String.isEmpty()" because "line" is null
	at com.joshua.twittertokafka.runner.TwitterV2StreamHelper.connectStream(TwitterV2StreamHelper.java:88)
	at com.joshua.twittertokafka.runner.TwitterV2KafkaStreamRunner.start(TwitterV2KafkaStreamRunner.java:40)
	at com.joshua.twittertokafka.TwitterToKafkaApplication.run(TwitterToKafkaApplication.java:32)
	at org.springframework.boot.SpringApplication.lambda$callRunner$5(SpringApplication.java:790)
	at org.springframework.util.function.ThrowingConsumer$1.acceptWithException(ThrowingConsumer.java:83)
	at org.springframework.util.function.ThrowingConsumer.accept(ThrowingConsumer.java:60)
	at org.springframework.util.function.ThrowingConsumer$1.accept(ThrowingConsumer.java:88)
	at org.springframework.boot.SpringApplication.callRunner(SpringApplication.java:798)
	at org.springframework.boot.SpringApplication.callRunner(SpringApplication.java:789)
	at org.springframework.boot.SpringApplication.lambda$callRunners$3(SpringApplication.java:774)
	at java.base/java.util.stream.ForEachOps$ForEachOp$OfRef.accept(ForEachOps.java:183)
	at java.base/java.util.stream.SortedOps$SizedRefSortingSink.end(SortedOps.java:357)
	at java.base/java.util.stream.AbstractPipeline.copyInto(AbstractPipeline.java:510)
	at java.base/java.util.stream.AbstractPipeline.wrapAndCopyInto(AbstractPipeline.java:499)
	at java.base/java.util.stream.ForEachOps$ForEachOp.evaluateSequential(ForEachOps.java:150)
	at java.base/java.util.stream.ForEachOps$ForEachOp$OfRef.evaluateSequential(ForEachOps.java:173)
	at java.base/java.util.stream.AbstractPipeline.evaluate(AbstractPipeline.java:234)
	at java.base/java.util.stream.ReferencePipeline.forEach(ReferencePipeline.java:596)
	at org.springframework.boot.SpringApplication.callRunners(SpringApplication.java:774)
	at org.springframework.boot.SpringApplication.run(SpringApplication.java:341)
	at org.springframework.boot.SpringApplication.run(SpringApplication.java:1354)
	at org.springframework.boot.SpringApplication.run(SpringApplication.java:1343)
	at com.joshua.twittertokafka.TwitterToKafkaApplication.main(TwitterToKafkaApplication.java:24)
2024-02-06 00:03:15 [main] INFO  c.j.t.TwitterToKafkaApplication - Starting TwitterToKafkaApplication using Java 17.0.5 with PID 60945 (/Volumes/JsWeb/udemy/event-msa/twitter-to-kafka/build/classes/java/main started by joshuakim in /Volumes/JsWeb/udemy/event-msa)
2024-02-06 00:03:15 [main] INFO  c.j.t.TwitterToKafkaApplication - No active profile set, falling back to 1 default profile: "default"
2024-02-06 00:03:16 [main] INFO  c.j.t.TwitterToKafkaApplication - Started TwitterToKafkaApplication in 1.293 seconds (process running for 2.503)
2024-02-06 00:03:16 [main] INFO  c.j.t.r.TwitterV2KafkaStreamRunner - Created filter for twitter stream for keywords: [Java, Microservices, Spring, Kafka, ElasticSearch]
2024-02-06 00:03:17 [main] INFO  c.j.t.runner.TwitterV2StreamHelper - Created rules for twitter stream Java
2024-02-06 00:03:36 [main] INFO  c.j.t.TwitterToKafkaApplication - Starting TwitterToKafkaApplication using Java 17.0.5 with PID 61080 (/Volumes/JsWeb/udemy/event-msa/twitter-to-kafka/build/classes/java/main started by joshuakim in /Volumes/JsWeb/udemy/event-msa)
2024-02-06 00:03:36 [main] INFO  c.j.t.TwitterToKafkaApplication - No active profile set, falling back to 1 default profile: "default"
2024-02-06 00:03:37 [main] INFO  c.j.t.TwitterToKafkaApplication - Started TwitterToKafkaApplication in 1.241 seconds (process running for 2.142)
2024-02-06 00:03:37 [main] INFO  c.j.t.r.TwitterV2KafkaStreamRunner - Created filter for twitter stream for keywords: [Java, Microservices, Spring, Kafka, ElasticSearch]
2024-02-06 00:03:38 [main] INFO  c.j.t.runner.TwitterV2StreamHelper - Created rules for twitter stream Java
2024-02-06 00:04:13 [main] INFO  o.s.b.a.l.ConditionEvaluationReportLogger - 

Error starting ApplicationContext. To display the condition evaluation report re-run your application with 'debug' enabled.
2024-02-06 00:04:13 [main] ERROR o.s.boot.SpringApplication - Application run failed
java.lang.NullPointerException: Cannot invoke "String.isEmpty()" because "line" is null
	at com.joshua.twittertokafka.runner.TwitterV2StreamHelper.connectStream(TwitterV2StreamHelper.java:88)
	at com.joshua.twittertokafka.runner.TwitterV2KafkaStreamRunner.start(TwitterV2KafkaStreamRunner.java:40)
	at com.joshua.twittertokafka.TwitterToKafkaApplication.run(TwitterToKafkaApplication.java:32)
	at org.springframework.boot.SpringApplication.lambda$callRunner$5(SpringApplication.java:790)
	at org.springframework.util.function.ThrowingConsumer$1.acceptWithException(ThrowingConsumer.java:83)
	at org.springframework.util.function.ThrowingConsumer.accept(ThrowingConsumer.java:60)
	at org.springframework.util.function.ThrowingConsumer$1.accept(ThrowingConsumer.java:88)
	at org.springframework.boot.SpringApplication.callRunner(SpringApplication.java:798)
	at org.springframework.boot.SpringApplication.callRunner(SpringApplication.java:789)
	at org.springframework.boot.SpringApplication.lambda$callRunners$3(SpringApplication.java:774)
	at java.base/java.util.stream.ForEachOps$ForEachOp$OfRef.accept(ForEachOps.java:183)
	at java.base/java.util.stream.SortedOps$SizedRefSortingSink.end(SortedOps.java:357)
	at java.base/java.util.stream.AbstractPipeline.copyInto(AbstractPipeline.java:510)
	at java.base/java.util.stream.AbstractPipeline.wrapAndCopyInto(AbstractPipeline.java:499)
	at java.base/java.util.stream.ForEachOps$ForEachOp.evaluateSequential(ForEachOps.java:150)
	at java.base/java.util.stream.ForEachOps$ForEachOp$OfRef.evaluateSequential(ForEachOps.java:173)
	at java.base/java.util.stream.AbstractPipeline.evaluate(AbstractPipeline.java:234)
	at java.base/java.util.stream.ReferencePipeline.forEach(ReferencePipeline.java:596)
	at org.springframework.boot.SpringApplication.callRunners(SpringApplication.java:774)
	at org.springframework.boot.SpringApplication.run(SpringApplication.java:341)
	at org.springframework.boot.SpringApplication.run(SpringApplication.java:1354)
	at org.springframework.boot.SpringApplication.run(SpringApplication.java:1343)
	at com.joshua.twittertokafka.TwitterToKafkaApplication.main(TwitterToKafkaApplication.java:24)
2024-02-06 00:05:43 [main] INFO  c.j.t.TwitterToKafkaApplication - Starting TwitterToKafkaApplication using Java 17.0.5 with PID 61807 (/Volumes/JsWeb/udemy/event-msa/twitter-to-kafka/build/classes/java/main started by joshuakim in /Volumes/JsWeb/udemy/event-msa)
2024-02-06 00:05:43 [main] INFO  c.j.t.TwitterToKafkaApplication - No active profile set, falling back to 1 default profile: "default"
2024-02-06 00:05:44 [main] INFO  c.j.t.TwitterToKafkaApplication - Started TwitterToKafkaApplication in 1.127 seconds (process running for 2.193)
2024-02-06 00:05:44 [main] INFO  c.j.t.r.TwitterV2KafkaStreamRunner - Created filter for twitter stream for keywords: [Java, Microservices, Kafka, Elasticsearch]
2024-02-06 00:05:45 [main] INFO  c.j.t.runner.TwitterV2StreamHelper - Created rules for twitter stream Java
2024-02-06 00:05:45 [main] INFO  o.s.b.a.l.ConditionEvaluationReportLogger - 

Error starting ApplicationContext. To display the condition evaluation report re-run your application with 'debug' enabled.
2024-02-06 00:05:45 [main] ERROR o.s.boot.SpringApplication - Application run failed
java.lang.NullPointerException: Cannot invoke "String.isEmpty()" because "line" is null
	at com.joshua.twittertokafka.runner.TwitterV2StreamHelper.connectStream(TwitterV2StreamHelper.java:88)
	at com.joshua.twittertokafka.runner.TwitterV2KafkaStreamRunner.start(TwitterV2KafkaStreamRunner.java:40)
	at com.joshua.twittertokafka.TwitterToKafkaApplication.run(TwitterToKafkaApplication.java:32)
	at org.springframework.boot.SpringApplication.lambda$callRunner$5(SpringApplication.java:790)
	at org.springframework.util.function.ThrowingConsumer$1.acceptWithException(ThrowingConsumer.java:83)
	at org.springframework.util.function.ThrowingConsumer.accept(ThrowingConsumer.java:60)
	at org.springframework.util.function.ThrowingConsumer$1.accept(ThrowingConsumer.java:88)
	at org.springframework.boot.SpringApplication.callRunner(SpringApplication.java:798)
	at org.springframework.boot.SpringApplication.callRunner(SpringApplication.java:789)
	at org.springframework.boot.SpringApplication.lambda$callRunners$3(SpringApplication.java:774)
	at java.base/java.util.stream.ForEachOps$ForEachOp$OfRef.accept(ForEachOps.java:183)
	at java.base/java.util.stream.SortedOps$SizedRefSortingSink.end(SortedOps.java:357)
	at java.base/java.util.stream.AbstractPipeline.copyInto(AbstractPipeline.java:510)
	at java.base/java.util.stream.AbstractPipeline.wrapAndCopyInto(AbstractPipeline.java:499)
	at java.base/java.util.stream.ForEachOps$ForEachOp.evaluateSequential(ForEachOps.java:150)
	at java.base/java.util.stream.ForEachOps$ForEachOp$OfRef.evaluateSequential(ForEachOps.java:173)
	at java.base/java.util.stream.AbstractPipeline.evaluate(AbstractPipeline.java:234)
	at java.base/java.util.stream.ReferencePipeline.forEach(ReferencePipeline.java:596)
	at org.springframework.boot.SpringApplication.callRunners(SpringApplication.java:774)
	at org.springframework.boot.SpringApplication.run(SpringApplication.java:341)
	at org.springframework.boot.SpringApplication.run(SpringApplication.java:1354)
	at org.springframework.boot.SpringApplication.run(SpringApplication.java:1343)
	at com.joshua.twittertokafka.TwitterToKafkaApplication.main(TwitterToKafkaApplication.java:24)
2024-02-06 00:06:08 [main] INFO  c.j.t.TwitterToKafkaApplication - Starting TwitterToKafkaApplication using Java 17.0.5 with PID 61961 (/Volumes/JsWeb/udemy/event-msa/twitter-to-kafka/build/classes/java/main started by joshuakim in /Volumes/JsWeb/udemy/event-msa)
2024-02-06 00:06:08 [main] INFO  c.j.t.TwitterToKafkaApplication - No active profile set, falling back to 1 default profile: "default"
2024-02-06 00:06:09 [main] INFO  c.j.t.TwitterToKafkaApplication - Started TwitterToKafkaApplication in 1.171 seconds (process running for 2.007)
2024-02-06 00:06:09 [main] INFO  c.j.t.r.TwitterV2KafkaStreamRunner - Created filter for twitter stream for keywords: [Java, Microservices, Kafka, Elasticsearch]
2024-02-06 00:06:10 [main] INFO  c.j.t.runner.TwitterV2StreamHelper - Created rules for twitter stream Java
2024-02-06 00:06:10 [main] INFO  o.s.b.a.l.ConditionEvaluationReportLogger - 

Error starting ApplicationContext. To display the condition evaluation report re-run your application with 'debug' enabled.
2024-02-06 00:06:10 [main] ERROR o.s.boot.SpringApplication - Application run failed
java.lang.NullPointerException: Cannot invoke "String.isEmpty()" because "line" is null
	at com.joshua.twittertokafka.runner.TwitterV2StreamHelper.connectStream(TwitterV2StreamHelper.java:88)
	at com.joshua.twittertokafka.runner.TwitterV2KafkaStreamRunner.start(TwitterV2KafkaStreamRunner.java:40)
	at com.joshua.twittertokafka.TwitterToKafkaApplication.run(TwitterToKafkaApplication.java:32)
	at org.springframework.boot.SpringApplication.lambda$callRunner$5(SpringApplication.java:790)
	at org.springframework.util.function.ThrowingConsumer$1.acceptWithException(ThrowingConsumer.java:83)
	at org.springframework.util.function.ThrowingConsumer.accept(ThrowingConsumer.java:60)
	at org.springframework.util.function.ThrowingConsumer$1.accept(ThrowingConsumer.java:88)
	at org.springframework.boot.SpringApplication.callRunner(SpringApplication.java:798)
	at org.springframework.boot.SpringApplication.callRunner(SpringApplication.java:789)
	at org.springframework.boot.SpringApplication.lambda$callRunners$3(SpringApplication.java:774)
	at java.base/java.util.stream.ForEachOps$ForEachOp$OfRef.accept(ForEachOps.java:183)
	at java.base/java.util.stream.SortedOps$SizedRefSortingSink.end(SortedOps.java:357)
	at java.base/java.util.stream.AbstractPipeline.copyInto(AbstractPipeline.java:510)
	at java.base/java.util.stream.AbstractPipeline.wrapAndCopyInto(AbstractPipeline.java:499)
	at java.base/java.util.stream.ForEachOps$ForEachOp.evaluateSequential(ForEachOps.java:150)
	at java.base/java.util.stream.ForEachOps$ForEachOp$OfRef.evaluateSequential(ForEachOps.java:173)
	at java.base/java.util.stream.AbstractPipeline.evaluate(AbstractPipeline.java:234)
	at java.base/java.util.stream.ReferencePipeline.forEach(ReferencePipeline.java:596)
	at org.springframework.boot.SpringApplication.callRunners(SpringApplication.java:774)
	at org.springframework.boot.SpringApplication.run(SpringApplication.java:341)
	at org.springframework.boot.SpringApplication.run(SpringApplication.java:1354)
	at org.springframework.boot.SpringApplication.run(SpringApplication.java:1343)
	at com.joshua.twittertokafka.TwitterToKafkaApplication.main(TwitterToKafkaApplication.java:24)
2024-02-06 00:06:49 [main] INFO  c.j.t.TwitterToKafkaApplication - Starting TwitterToKafkaApplication using Java 17.0.5 with PID 62193 (/Volumes/JsWeb/udemy/event-msa/twitter-to-kafka/build/classes/java/main started by joshuakim in /Volumes/JsWeb/udemy/event-msa)
2024-02-06 00:06:49 [main] INFO  c.j.t.TwitterToKafkaApplication - No active profile set, falling back to 1 default profile: "default"
2024-02-06 00:06:50 [main] INFO  c.j.t.TwitterToKafkaApplication - Started TwitterToKafkaApplication in 1.131 seconds (process running for 1.937)
2024-02-06 00:06:50 [main] INFO  c.j.t.r.TwitterV2KafkaStreamRunner - Created filter for twitter stream for keywords: [Java, Microservices, Kafka, Elasticsearch]
2024-02-06 00:06:51 [main] INFO  c.j.t.runner.TwitterV2StreamHelper - Created rules for twitter stream Java
2024-02-06 00:06:51 [main] INFO  o.s.b.a.l.ConditionEvaluationReportLogger - 

Error starting ApplicationContext. To display the condition evaluation report re-run your application with 'debug' enabled.
2024-02-06 00:06:51 [main] ERROR o.s.boot.SpringApplication - Application run failed
java.lang.NullPointerException: Cannot invoke "String.isEmpty()" because "line" is null
	at com.joshua.twittertokafka.runner.TwitterV2StreamHelper.connectStream(TwitterV2StreamHelper.java:88)
	at com.joshua.twittertokafka.runner.TwitterV2KafkaStreamRunner.start(TwitterV2KafkaStreamRunner.java:40)
	at com.joshua.twittertokafka.TwitterToKafkaApplication.run(TwitterToKafkaApplication.java:32)
	at org.springframework.boot.SpringApplication.lambda$callRunner$5(SpringApplication.java:790)
	at org.springframework.util.function.ThrowingConsumer$1.acceptWithException(ThrowingConsumer.java:83)
	at org.springframework.util.function.ThrowingConsumer.accept(ThrowingConsumer.java:60)
	at org.springframework.util.function.ThrowingConsumer$1.accept(ThrowingConsumer.java:88)
	at org.springframework.boot.SpringApplication.callRunner(SpringApplication.java:798)
	at org.springframework.boot.SpringApplication.callRunner(SpringApplication.java:789)
	at org.springframework.boot.SpringApplication.lambda$callRunners$3(SpringApplication.java:774)
	at java.base/java.util.stream.ForEachOps$ForEachOp$OfRef.accept(ForEachOps.java:183)
	at java.base/java.util.stream.SortedOps$SizedRefSortingSink.end(SortedOps.java:357)
	at java.base/java.util.stream.AbstractPipeline.copyInto(AbstractPipeline.java:510)
	at java.base/java.util.stream.AbstractPipeline.wrapAndCopyInto(AbstractPipeline.java:499)
	at java.base/java.util.stream.ForEachOps$ForEachOp.evaluateSequential(ForEachOps.java:150)
	at java.base/java.util.stream.ForEachOps$ForEachOp$OfRef.evaluateSequential(ForEachOps.java:173)
	at java.base/java.util.stream.AbstractPipeline.evaluate(AbstractPipeline.java:234)
	at java.base/java.util.stream.ReferencePipeline.forEach(ReferencePipeline.java:596)
	at org.springframework.boot.SpringApplication.callRunners(SpringApplication.java:774)
	at org.springframework.boot.SpringApplication.run(SpringApplication.java:341)
	at org.springframework.boot.SpringApplication.run(SpringApplication.java:1354)
	at org.springframework.boot.SpringApplication.run(SpringApplication.java:1343)
	at com.joshua.twittertokafka.TwitterToKafkaApplication.main(TwitterToKafkaApplication.java:24)
2024-02-06 00:07:45 [main] INFO  c.j.t.TwitterToKafkaApplication - Starting TwitterToKafkaApplication using Java 17.0.5 with PID 62518 (/Volumes/JsWeb/udemy/event-msa/twitter-to-kafka/build/classes/java/main started by joshuakim in /Volumes/JsWeb/udemy/event-msa)
2024-02-06 00:07:45 [main] INFO  c.j.t.TwitterToKafkaApplication - No active profile set, falling back to 1 default profile: "default"
2024-02-06 00:07:46 [main] INFO  c.j.t.TwitterToKafkaApplication - Started TwitterToKafkaApplication in 1.135 seconds (process running for 2.087)
2024-02-06 00:07:46 [main] INFO  c.j.t.r.TwitterV2KafkaStreamRunner - Created filter for twitter stream for keywords: [Java, Microservices, Kafka, Elasticsearch]
2024-02-06 00:07:47 [main] INFO  c.j.t.runner.TwitterV2StreamHelper - Created rules for twitter stream Java
2024-02-06 00:07:47 [main] INFO  o.s.b.a.l.ConditionEvaluationReportLogger - 

Error starting ApplicationContext. To display the condition evaluation report re-run your application with 'debug' enabled.
2024-02-06 00:07:47 [main] ERROR o.s.boot.SpringApplication - Application run failed
java.lang.NullPointerException: Cannot invoke "String.isEmpty()" because "line" is null
	at com.joshua.twittertokafka.runner.TwitterV2StreamHelper.connectStream(TwitterV2StreamHelper.java:88)
	at com.joshua.twittertokafka.runner.TwitterV2KafkaStreamRunner.start(TwitterV2KafkaStreamRunner.java:40)
	at com.joshua.twittertokafka.TwitterToKafkaApplication.run(TwitterToKafkaApplication.java:32)
	at org.springframework.boot.SpringApplication.lambda$callRunner$5(SpringApplication.java:790)
	at org.springframework.util.function.ThrowingConsumer$1.acceptWithException(ThrowingConsumer.java:83)
	at org.springframework.util.function.ThrowingConsumer.accept(ThrowingConsumer.java:60)
	at org.springframework.util.function.ThrowingConsumer$1.accept(ThrowingConsumer.java:88)
	at org.springframework.boot.SpringApplication.callRunner(SpringApplication.java:798)
	at org.springframework.boot.SpringApplication.callRunner(SpringApplication.java:789)
	at org.springframework.boot.SpringApplication.lambda$callRunners$3(SpringApplication.java:774)
	at java.base/java.util.stream.ForEachOps$ForEachOp$OfRef.accept(ForEachOps.java:183)
	at java.base/java.util.stream.SortedOps$SizedRefSortingSink.end(SortedOps.java:357)
	at java.base/java.util.stream.AbstractPipeline.copyInto(AbstractPipeline.java:510)
	at java.base/java.util.stream.AbstractPipeline.wrapAndCopyInto(AbstractPipeline.java:499)
	at java.base/java.util.stream.ForEachOps$ForEachOp.evaluateSequential(ForEachOps.java:150)
	at java.base/java.util.stream.ForEachOps$ForEachOp$OfRef.evaluateSequential(ForEachOps.java:173)
	at java.base/java.util.stream.AbstractPipeline.evaluate(AbstractPipeline.java:234)
	at java.base/java.util.stream.ReferencePipeline.forEach(ReferencePipeline.java:596)
	at org.springframework.boot.SpringApplication.callRunners(SpringApplication.java:774)
	at org.springframework.boot.SpringApplication.run(SpringApplication.java:341)
	at org.springframework.boot.SpringApplication.run(SpringApplication.java:1354)
	at org.springframework.boot.SpringApplication.run(SpringApplication.java:1343)
	at com.joshua.twittertokafka.TwitterToKafkaApplication.main(TwitterToKafkaApplication.java:24)
2024-02-06 00:13:38 [main] INFO  c.j.t.TwitterToKafkaApplication - Starting TwitterToKafkaApplication using Java 17.0.5 with PID 64877 (/Volumes/JsWeb/udemy/event-msa/twitter-to-kafka/build/classes/java/main started by joshuakim in /Volumes/JsWeb/udemy/event-msa)
2024-02-06 00:13:38 [main] INFO  c.j.t.TwitterToKafkaApplication - No active profile set, falling back to 1 default profile: "default"
2024-02-06 00:13:38 [main] INFO  c.j.t.TwitterToKafkaApplication - Started TwitterToKafkaApplication in 1.128 seconds (process running for 2.14)
2024-02-06 00:13:38 [main] INFO  o.s.b.a.l.ConditionEvaluationReportLogger - 

Error starting ApplicationContext. To display the condition evaluation report re-run your application with 'debug' enabled.
2024-02-06 00:13:38 [main] ERROR o.s.boot.SpringApplication - Application run failed
java.lang.NullPointerException: Cannot invoke "com.joshua.twittertokafka.runner.StreamRunner.start()" because "this.runner" is null
	at com.joshua.twittertokafka.TwitterToKafkaApplication.run(TwitterToKafkaApplication.java:32)
	at org.springframework.boot.SpringApplication.lambda$callRunner$5(SpringApplication.java:790)
	at org.springframework.util.function.ThrowingConsumer$1.acceptWithException(ThrowingConsumer.java:83)
	at org.springframework.util.function.ThrowingConsumer.accept(ThrowingConsumer.java:60)
	at org.springframework.util.function.ThrowingConsumer$1.accept(ThrowingConsumer.java:88)
	at org.springframework.boot.SpringApplication.callRunner(SpringApplication.java:798)
	at org.springframework.boot.SpringApplication.callRunner(SpringApplication.java:789)
	at org.springframework.boot.SpringApplication.lambda$callRunners$3(SpringApplication.java:774)
	at java.base/java.util.stream.ForEachOps$ForEachOp$OfRef.accept(ForEachOps.java:183)
	at java.base/java.util.stream.SortedOps$SizedRefSortingSink.end(SortedOps.java:357)
	at java.base/java.util.stream.AbstractPipeline.copyInto(AbstractPipeline.java:510)
	at java.base/java.util.stream.AbstractPipeline.wrapAndCopyInto(AbstractPipeline.java:499)
	at java.base/java.util.stream.ForEachOps$ForEachOp.evaluateSequential(ForEachOps.java:150)
	at java.base/java.util.stream.ForEachOps$ForEachOp$OfRef.evaluateSequential(ForEachOps.java:173)
	at java.base/java.util.stream.AbstractPipeline.evaluate(AbstractPipeline.java:234)
	at java.base/java.util.stream.ReferencePipeline.forEach(ReferencePipeline.java:596)
	at org.springframework.boot.SpringApplication.callRunners(SpringApplication.java:774)
	at org.springframework.boot.SpringApplication.run(SpringApplication.java:341)
	at org.springframework.boot.SpringApplication.run(SpringApplication.java:1354)
	at org.springframework.boot.SpringApplication.run(SpringApplication.java:1343)
	at com.joshua.twittertokafka.TwitterToKafkaApplication.main(TwitterToKafkaApplication.java:24)
2024-02-06 00:13:52 [main] INFO  c.j.t.TwitterToKafkaApplication - Starting TwitterToKafkaApplication using Java 17.0.5 with PID 64969 (/Volumes/JsWeb/udemy/event-msa/twitter-to-kafka/build/classes/java/main started by joshuakim in /Volumes/JsWeb/udemy/event-msa)
2024-02-06 00:13:52 [main] INFO  c.j.t.TwitterToKafkaApplication - No active profile set, falling back to 1 default profile: "default"
2024-02-06 00:13:53 [main] INFO  c.j.t.TwitterToKafkaApplication - Started TwitterToKafkaApplication in 1.113 seconds (process running for 1.891)
2024-02-06 00:13:53 [main] INFO  c.j.t.r.i.TwitterV2KafkaStreamRunner - Created filter for twitter stream for keywords: [Java, Microservices, Kafka, Elasticsearch]
2024-02-06 00:13:54 [main] INFO  c.j.t.r.impl.TwitterV2StreamHelper - Created rules for twitter stream Java
2024-02-06 00:13:54 [main] INFO  o.s.b.a.l.ConditionEvaluationReportLogger - 

Error starting ApplicationContext. To display the condition evaluation report re-run your application with 'debug' enabled.
2024-02-06 00:13:54 [main] ERROR o.s.boot.SpringApplication - Application run failed
java.lang.NullPointerException: Cannot invoke "String.isEmpty()" because "line" is null
	at com.joshua.twittertokafka.runner.impl.TwitterV2StreamHelper.connectStream(TwitterV2StreamHelper.java:85)
	at com.joshua.twittertokafka.runner.impl.TwitterV2KafkaStreamRunner.start(TwitterV2KafkaStreamRunner.java:37)
	at com.joshua.twittertokafka.TwitterToKafkaApplication.run(TwitterToKafkaApplication.java:32)
	at org.springframework.boot.SpringApplication.lambda$callRunner$5(SpringApplication.java:790)
	at org.springframework.util.function.ThrowingConsumer$1.acceptWithException(ThrowingConsumer.java:83)
	at org.springframework.util.function.ThrowingConsumer.accept(ThrowingConsumer.java:60)
	at org.springframework.util.function.ThrowingConsumer$1.accept(ThrowingConsumer.java:88)
	at org.springframework.boot.SpringApplication.callRunner(SpringApplication.java:798)
	at org.springframework.boot.SpringApplication.callRunner(SpringApplication.java:789)
	at org.springframework.boot.SpringApplication.lambda$callRunners$3(SpringApplication.java:774)
	at java.base/java.util.stream.ForEachOps$ForEachOp$OfRef.accept(ForEachOps.java:183)
	at java.base/java.util.stream.SortedOps$SizedRefSortingSink.end(SortedOps.java:357)
	at java.base/java.util.stream.AbstractPipeline.copyInto(AbstractPipeline.java:510)
	at java.base/java.util.stream.AbstractPipeline.wrapAndCopyInto(AbstractPipeline.java:499)
	at java.base/java.util.stream.ForEachOps$ForEachOp.evaluateSequential(ForEachOps.java:150)
	at java.base/java.util.stream.ForEachOps$ForEachOp$OfRef.evaluateSequential(ForEachOps.java:173)
	at java.base/java.util.stream.AbstractPipeline.evaluate(AbstractPipeline.java:234)
	at java.base/java.util.stream.ReferencePipeline.forEach(ReferencePipeline.java:596)
	at org.springframework.boot.SpringApplication.callRunners(SpringApplication.java:774)
	at org.springframework.boot.SpringApplication.run(SpringApplication.java:341)
	at org.springframework.boot.SpringApplication.run(SpringApplication.java:1354)
	at org.springframework.boot.SpringApplication.run(SpringApplication.java:1343)
	at com.joshua.twittertokafka.TwitterToKafkaApplication.main(TwitterToKafkaApplication.java:24)
2024-02-06 00:15:59 [main] INFO  c.j.t.TwitterToKafkaApplication - Starting TwitterToKafkaApplication using Java 17.0.5 with PID 65930 (/Volumes/JsWeb/udemy/event-msa/twitter-to-kafka/build/classes/java/main started by joshuakim in /Volumes/JsWeb/udemy/event-msa)
2024-02-06 00:15:59 [main] INFO  c.j.t.TwitterToKafkaApplication - No active profile set, falling back to 1 default profile: "default"
2024-02-06 00:16:00 [main] INFO  c.j.t.TwitterToKafkaApplication - Started TwitterToKafkaApplication in 1.132 seconds (process running for 2.083)
2024-02-06 00:16:00 [main] INFO  c.j.t.r.i.TwitterV2KafkaStreamRunner - Created filter for twitter stream for keywords: [Java, Microservices, Kafka, Elasticsearch]
2024-02-06 00:16:01 [main] INFO  c.j.t.r.impl.TwitterV2StreamHelper - Created rules for twitter stream Java
2024-02-06 00:16:01 [main] INFO  o.s.b.a.l.ConditionEvaluationReportLogger - 

Error starting ApplicationContext. To display the condition evaluation report re-run your application with 'debug' enabled.
2024-02-06 00:16:01 [main] ERROR o.s.boot.SpringApplication - Application run failed
java.lang.NullPointerException: Cannot invoke "String.isEmpty()" because "line" is null
	at com.joshua.twittertokafka.runner.impl.TwitterV2StreamHelper.connectStream(TwitterV2StreamHelper.java:85)
	at com.joshua.twittertokafka.runner.impl.TwitterV2KafkaStreamRunner.start(TwitterV2KafkaStreamRunner.java:37)
	at com.joshua.twittertokafka.TwitterToKafkaApplication.run(TwitterToKafkaApplication.java:32)
	at org.springframework.boot.SpringApplication.lambda$callRunner$5(SpringApplication.java:790)
	at org.springframework.util.function.ThrowingConsumer$1.acceptWithException(ThrowingConsumer.java:83)
	at org.springframework.util.function.ThrowingConsumer.accept(ThrowingConsumer.java:60)
	at org.springframework.util.function.ThrowingConsumer$1.accept(ThrowingConsumer.java:88)
	at org.springframework.boot.SpringApplication.callRunner(SpringApplication.java:798)
	at org.springframework.boot.SpringApplication.callRunner(SpringApplication.java:789)
	at org.springframework.boot.SpringApplication.lambda$callRunners$3(SpringApplication.java:774)
	at java.base/java.util.stream.ForEachOps$ForEachOp$OfRef.accept(ForEachOps.java:183)
	at java.base/java.util.stream.SortedOps$SizedRefSortingSink.end(SortedOps.java:357)
	at java.base/java.util.stream.AbstractPipeline.copyInto(AbstractPipeline.java:510)
	at java.base/java.util.stream.AbstractPipeline.wrapAndCopyInto(AbstractPipeline.java:499)
	at java.base/java.util.stream.ForEachOps$ForEachOp.evaluateSequential(ForEachOps.java:150)
	at java.base/java.util.stream.ForEachOps$ForEachOp$OfRef.evaluateSequential(ForEachOps.java:173)
	at java.base/java.util.stream.AbstractPipeline.evaluate(AbstractPipeline.java:234)
	at java.base/java.util.stream.ReferencePipeline.forEach(ReferencePipeline.java:596)
	at org.springframework.boot.SpringApplication.callRunners(SpringApplication.java:774)
	at org.springframework.boot.SpringApplication.run(SpringApplication.java:341)
	at org.springframework.boot.SpringApplication.run(SpringApplication.java:1354)
	at org.springframework.boot.SpringApplication.run(SpringApplication.java:1343)
	at com.joshua.twittertokafka.TwitterToKafkaApplication.main(TwitterToKafkaApplication.java:24)
2024-02-06 00:32:12 [main] INFO  c.j.t.TwitterToKafkaApplication - Starting TwitterToKafkaApplication using Java 17.0.5 with PID 72007 (/Volumes/JsWeb/udemy/event-msa/twitter-to-kafka/build/classes/java/main started by joshuakim in /Volumes/JsWeb/udemy/event-msa)
2024-02-06 00:32:12 [main] INFO  c.j.t.TwitterToKafkaApplication - No active profile set, falling back to 1 default profile: "default"
2024-02-06 00:32:13 [main] INFO  c.j.t.TwitterToKafkaApplication - Started TwitterToKafkaApplication in 1.201 seconds (process running for 2.169)
2024-02-06 00:32:13 [main] INFO  c.j.t.r.i.TwitterV2KafkaStreamRunner - Created filter for twitter stream for keywords: [Java, Microservices, Kafka, Elasticsearch]
2024-02-06 00:32:14 [main] INFO  c.j.t.r.impl.TwitterV2StreamHelper - Created rules for twitter stream Java
2024-02-06 00:32:37 [main] INFO  c.j.t.TwitterToKafkaApplication - Starting TwitterToKafkaApplication using Java 17.0.5 with PID 72147 (/Volumes/JsWeb/udemy/event-msa/twitter-to-kafka/build/classes/java/main started by joshuakim in /Volumes/JsWeb/udemy/event-msa)
2024-02-06 00:32:37 [main] INFO  c.j.t.TwitterToKafkaApplication - No active profile set, falling back to 1 default profile: "default"
2024-02-06 00:32:38 [main] INFO  c.j.t.TwitterToKafkaApplication - Started TwitterToKafkaApplication in 1.299 seconds (process running for 2.23)
2024-02-06 00:32:38 [main] INFO  c.j.t.r.i.TwitterV2KafkaStreamRunner - Created filter for twitter stream for keywords: [Java, Microservices, Kafka, Elasticsearch]
2024-02-06 00:32:38 [main] INFO  c.j.t.r.impl.TwitterV2StreamHelper - Created rules for twitter stream Java
2024-02-06 00:32:59 [main] INFO  c.j.t.TwitterToKafkaApplication - Starting TwitterToKafkaApplication using Java 17.0.5 with PID 72273 (/Volumes/JsWeb/udemy/event-msa/twitter-to-kafka/build/classes/java/main started by joshuakim in /Volumes/JsWeb/udemy/event-msa)
2024-02-06 00:32:59 [main] INFO  c.j.t.TwitterToKafkaApplication - No active profile set, falling back to 1 default profile: "default"
2024-02-06 00:33:00 [main] INFO  c.j.t.TwitterToKafkaApplication - Started TwitterToKafkaApplication in 1.249 seconds (process running for 2.19)
2024-02-06 00:33:00 [main] INFO  c.j.t.r.i.TwitterV2KafkaStreamRunner - Created filter for twitter stream for keywords: [Java, Microservices, Kafka, Elasticsearch]
2024-02-06 00:33:01 [main] INFO  c.j.t.r.impl.TwitterV2StreamHelper - Created rules for twitter stream Java
2024-02-06 00:33:47 [main] INFO  c.j.t.TwitterToKafkaApplication - Starting TwitterToKafkaApplication using Java 17.0.5 with PID 72560 (/Volumes/JsWeb/udemy/event-msa/twitter-to-kafka/build/classes/java/main started by joshuakim in /Volumes/JsWeb/udemy/event-msa)
2024-02-06 00:33:47 [main] INFO  c.j.t.TwitterToKafkaApplication - No active profile set, falling back to 1 default profile: "default"
2024-02-06 00:33:48 [main] INFO  c.j.t.TwitterToKafkaApplication - Started TwitterToKafkaApplication in 1.161 seconds (process running for 1.995)
2024-02-06 00:33:48 [main] INFO  c.j.t.r.i.TwitterV2KafkaStreamRunner - Created filter for twitter stream for keywords: [Java, Microservices, Kafka, Elasticsearch]
2024-02-06 00:33:49 [main] INFO  c.j.t.r.impl.TwitterV2StreamHelper - Created rules for twitter stream Java
2024-02-06 00:35:39 [main] INFO  c.j.t.TwitterToKafkaApplication - Starting TwitterToKafkaApplication using Java 17.0.5 with PID 73198 (/Volumes/JsWeb/udemy/event-msa/twitter-to-kafka/build/classes/java/main started by joshuakim in /Volumes/JsWeb/udemy/event-msa)
2024-02-06 00:35:39 [main] INFO  c.j.t.TwitterToKafkaApplication - No active profile set, falling back to 1 default profile: "default"
2024-02-06 00:35:40 [main] INFO  c.j.t.TwitterToKafkaApplication - Started TwitterToKafkaApplication in 1.131 seconds (process running for 2.075)
2024-02-06 00:35:40 [main] INFO  c.j.t.r.i.TwitterV2KafkaStreamRunner - Created filter for twitter stream for keywords: [Java, Microservices, Kafka, Elasticsearch]
2024-02-06 00:35:41 [main] INFO  c.j.t.r.impl.TwitterV2StreamHelper - Created rules for twitter stream Java
2024-02-06 00:37:02 [main] INFO  c.j.t.TwitterToKafkaApplication - Starting TwitterToKafkaApplication using Java 17.0.5 with PID 73951 (/Volumes/JsWeb/udemy/event-msa/twitter-to-kafka/build/classes/java/main started by joshuakim in /Volumes/JsWeb/udemy/event-msa)
2024-02-06 00:37:02 [main] INFO  c.j.t.TwitterToKafkaApplication - No active profile set, falling back to 1 default profile: "default"
2024-02-06 00:37:03 [main] INFO  c.j.t.TwitterToKafkaApplication - Started TwitterToKafkaApplication in 1.133 seconds (process running for 1.98)
2024-02-06 00:37:03 [main] INFO  c.j.t.r.i.TwitterV2KafkaStreamRunner - Created filter for twitter stream for keywords: [Java, Microservices, Kafka, Elasticsearch]
2024-02-06 00:37:03 [main] INFO  c.j.t.r.impl.TwitterV2StreamHelper - Created rules for twitter stream Java
2024-02-06 00:37:21 [main] INFO  c.j.t.TwitterToKafkaApplication - Starting TwitterToKafkaApplication using Java 17.0.5 with PID 74062 (/Volumes/JsWeb/udemy/event-msa/twitter-to-kafka/build/classes/java/main started by joshuakim in /Volumes/JsWeb/udemy/event-msa)
2024-02-06 00:37:21 [main] INFO  c.j.t.TwitterToKafkaApplication - No active profile set, falling back to 1 default profile: "default"
2024-02-06 00:37:22 [main] INFO  c.j.t.TwitterToKafkaApplication - Started TwitterToKafkaApplication in 1.119 seconds (process running for 1.929)
2024-02-06 00:37:22 [main] INFO  c.j.t.r.i.TwitterV2KafkaStreamRunner - Created filter for twitter stream for keywords: [Java, Microservices, Kafka, Elasticsearch]
2024-02-06 00:37:23 [main] INFO  c.j.t.r.impl.TwitterV2StreamHelper - Created rules for twitter stream Java
2024-02-06 00:38:15 [main] INFO  c.j.t.TwitterToKafkaApplication - Starting TwitterToKafkaApplication using Java 17.0.5 with PID 74373 (/Volumes/JsWeb/udemy/event-msa/twitter-to-kafka/build/classes/java/main started by joshuakim in /Volumes/JsWeb/udemy/event-msa)
2024-02-06 00:38:15 [main] INFO  c.j.t.TwitterToKafkaApplication - No active profile set, falling back to 1 default profile: "default"
2024-02-06 00:38:15 [main] INFO  c.j.t.TwitterToKafkaApplication - Started TwitterToKafkaApplication in 1.143 seconds (process running for 2.15)
2024-02-06 00:38:15 [main] INFO  c.j.t.r.i.TwitterV2KafkaStreamRunner - Created filter for twitter stream for keywords: [Java, Microservices, Kafka, Elasticsearch]
2024-02-06 00:38:16 [main] INFO  c.j.t.r.impl.TwitterV2StreamHelper - Created rules for twitter stream Java
2024-02-06 00:54:35 [main] INFO  c.j.t.TwitterToKafkaApplication - Starting TwitterToKafkaApplication using Java 17.0.5 with PID 80517 (/Volumes/JsWeb/udemy/event-msa/twitter-to-kafka/build/classes/java/main started by joshuakim in /Volumes/JsWeb/udemy/event-msa)
2024-02-06 00:54:35 [main] INFO  c.j.t.TwitterToKafkaApplication - No active profile set, falling back to 1 default profile: "default"
2024-02-06 00:54:36 [main] INFO  c.j.t.TwitterToKafkaApplication - Started TwitterToKafkaApplication in 1.152 seconds (process running for 2.162)
2024-02-06 00:54:36 [main] INFO  c.j.t.r.i.TwitterV2KafkaStreamRunner - Created filter for twitter stream for keywords: [Java, Microservices, Kafka, Elasticsearch]
2024-02-06 00:54:37 [main] INFO  c.j.t.r.impl.TwitterV2StreamHelper - Created rules for twitter stream Java
2024-02-06 00:54:37 [main] INFO  o.s.b.a.l.ConditionEvaluationReportLogger - 

Error starting ApplicationContext. To display the condition evaluation report re-run your application with 'debug' enabled.
2024-02-06 00:54:37 [main] ERROR o.s.boot.SpringApplication - Application run failed
java.lang.NullPointerException: Cannot invoke "String.isEmpty()" because "line" is null
	at com.joshua.twittertokafka.runner.impl.TwitterV2StreamHelper.connectStream(TwitterV2StreamHelper.java:85)
	at com.joshua.twittertokafka.runner.impl.TwitterV2KafkaStreamRunner.start(TwitterV2KafkaStreamRunner.java:37)
	at com.joshua.twittertokafka.TwitterToKafkaApplication.run(TwitterToKafkaApplication.java:32)
	at org.springframework.boot.SpringApplication.lambda$callRunner$5(SpringApplication.java:790)
	at org.springframework.util.function.ThrowingConsumer$1.acceptWithException(ThrowingConsumer.java:83)
	at org.springframework.util.function.ThrowingConsumer.accept(ThrowingConsumer.java:60)
	at org.springframework.util.function.ThrowingConsumer$1.accept(ThrowingConsumer.java:88)
	at org.springframework.boot.SpringApplication.callRunner(SpringApplication.java:798)
	at org.springframework.boot.SpringApplication.callRunner(SpringApplication.java:789)
	at org.springframework.boot.SpringApplication.lambda$callRunners$3(SpringApplication.java:774)
	at java.base/java.util.stream.ForEachOps$ForEachOp$OfRef.accept(ForEachOps.java:183)
	at java.base/java.util.stream.SortedOps$SizedRefSortingSink.end(SortedOps.java:357)
	at java.base/java.util.stream.AbstractPipeline.copyInto(AbstractPipeline.java:510)
	at java.base/java.util.stream.AbstractPipeline.wrapAndCopyInto(AbstractPipeline.java:499)
	at java.base/java.util.stream.ForEachOps$ForEachOp.evaluateSequential(ForEachOps.java:150)
	at java.base/java.util.stream.ForEachOps$ForEachOp$OfRef.evaluateSequential(ForEachOps.java:173)
	at java.base/java.util.stream.AbstractPipeline.evaluate(AbstractPipeline.java:234)
	at java.base/java.util.stream.ReferencePipeline.forEach(ReferencePipeline.java:596)
	at org.springframework.boot.SpringApplication.callRunners(SpringApplication.java:774)
	at org.springframework.boot.SpringApplication.run(SpringApplication.java:341)
	at org.springframework.boot.SpringApplication.run(SpringApplication.java:1354)
	at org.springframework.boot.SpringApplication.run(SpringApplication.java:1343)
	at com.joshua.twittertokafka.TwitterToKafkaApplication.main(TwitterToKafkaApplication.java:24)
